<?xml version="1.0" encoding="UTF-8"?>
<!-- Generated by org.testng.reporters.JUnitReportReporter -->
<testsuite hostname="DESKTOP-9RQ8PI1" failures="0" tests="1" name="testRunner.Runner" time="7.279" errors="0" timestamp="2021-02-25T10:21:34 NZDT" skipped="0">
  <testcase classname="testRunner.Runner" name="runScenario" time="7.279"/>
</testsuite> <!-- testRunner.Runner -->
